2021-09-17 08:22:27,376  - Loading graph...
2021-09-17 08:22:27,381  - Graph loaded.
2021-09-17 08:22:27,381  - Converting graph to dict...
2021-09-17 08:22:27,381 Graph converted.
2021-09-17 08:22:27,382 Graph - Number of vertices: 649
2021-09-17 08:22:27,382 Graph - Number of edges: 1549.0
2021-09-17 08:22:27,407 BFS vertex 558. Time: 0.0008139610290527344s
2021-09-17 08:22:27,408 BFS vertex 594. Time: 0.0013649463653564453s
2021-09-17 08:22:27,408 BFS vertex 9187. Time: 0.0018537044525146484s
2021-09-17 08:22:27,408 BFS vertex 1206. Time: 0.0007169246673583984s
2021-09-17 08:22:27,409 BFS vertex 3676. Time: 0.0009253025054931641s
2021-09-17 08:22:27,409 BFS vertex 4574. Time: 0.0006151199340820312s
2021-09-17 08:22:27,409 BFS vertex 1210. Time: 0.0017948150634765625s
2021-09-17 08:22:27,410 BFS vertex 21. Time: 0.0006170272827148438s
2021-09-17 08:22:27,410 BFS vertex 345. Time: 0.0013835430145263672s
2021-09-17 08:22:27,410 BFS vertex 309. Time: 0.0008382797241210938s
2021-09-17 08:22:27,410 BFS vertex 663. Time: 0.0006208419799804688s
2021-09-17 08:22:27,411 BFS vertex 108. Time: 0.0008199214935302734s
2021-09-17 08:22:27,411 BFS vertex 738. Time: 0.0013747215270996094s
2021-09-17 08:22:27,411 BFS vertex 9198. Time: 0.0006127357482910156s
2021-09-17 08:22:27,411 BFS vertex 198. Time: 0.001355886459350586s
2021-09-17 08:22:27,412 BFS vertex 157. Time: 0.0007894039154052734s
2021-09-17 08:22:27,412 BFS vertex 9214. Time: 0.0011951923370361328s
2021-09-17 08:22:27,412 BFS vertex 6584. Time: 0.0015368461608886719s
2021-09-17 08:22:27,413 BFS vertex 9144. Time: 0.0006229877471923828s
2021-09-17 08:22:27,413 BFS vertex 3570. Time: 0.0013995170593261719s
2021-09-17 08:22:27,413 BFS vertex 400. Time: 0.0008416175842285156s
2021-09-17 08:22:27,413 BFS vertex 1821. Time: 0.0006196498870849609s
2021-09-17 08:22:27,414 BFS vertex 2575. Time: 0.0012886524200439453s
2021-09-17 08:22:27,414 BFS vertex 347. Time: 0.0008378028869628906s
2021-09-17 08:22:27,414 BFS vertex 179. Time: 0.0006091594696044922s
2021-09-17 08:22:27,414 BFS vertex 9203. Time: 0.001341104507446289s
2021-09-17 08:22:27,415 BFS vertex 5120. Time: 0.0006136894226074219s
2021-09-17 08:22:27,415 BFS vertex 9194. Time: 0.0008463859558105469s
2021-09-17 08:22:27,416 BFS vertex 366. Time: 0.0007383823394775391s
2021-09-17 08:22:27,415 BFS vertex 5280. Time: 0.001338958740234375s
2021-09-17 08:22:27,416 BFS vertex 2573. Time: 0.0014581680297851562s
2021-09-17 08:22:27,416 BFS vertex 361. Time: 0.0011188983917236328s
2021-09-17 08:22:27,416 BFS vertex 9013. Time: 0.0005884170532226562s
2021-09-17 08:22:27,417 BFS vertex 966. Time: 0.0006117820739746094s
2021-09-17 08:22:27,417 BFS vertex 9207. Time: 0.0012996196746826172s
2021-09-17 08:22:27,417 BFS vertex 8854. Time: 0.0008187294006347656s
2021-09-17 08:22:27,417 BFS vertex 300. Time: 0.001340627670288086s
2021-09-17 08:22:27,418 BFS vertex 6341. Time: 0.0006120204925537109s
2021-09-17 08:22:27,418 BFS vertex 77. Time: 0.0008149147033691406s
2021-09-17 08:22:27,418 BFS vertex 6036. Time: 0.0006136894226074219s
2021-09-17 08:22:27,418 BFS vertex 9136. Time: 0.00128936767578125s
2021-09-17 08:22:27,419 BFS vertex 350. Time: 0.0008094310760498047s
2021-09-17 08:22:27,419 BFS vertex 9196. Time: 0.0006051063537597656s
2021-09-17 08:22:27,419 BFS vertex 550. Time: 0.0012903213500976562s
2021-09-17 08:22:27,420 BFS vertex 9165. Time: 0.0007679462432861328s
2021-09-17 08:22:27,420 BFS vertex 4620. Time: 0.0014052391052246094s
2021-09-17 08:22:27,420 BFS vertex 1119. Time: 0.0010962486267089844s
2021-09-17 08:22:27,420 BFS vertex 1116. Time: 0.0013206005096435547s
2021-09-17 08:22:27,421 BFS vertex 533. Time: 0.0006275177001953125s
2021-09-17 08:22:27,421 BFS vertex 1304. Time: 0.0006308555603027344s
2021-09-17 08:22:27,421 BFS vertex 951. Time: 0.0006983280181884766s
2021-09-17 08:22:27,421 BFS vertex 133. Time: 0.0006761550903320312s
2021-09-17 08:22:27,421 BFS vertex 1899. Time: 0.0010366439819335938s
2021-09-17 08:22:27,421 BFS vertex 5674. Time: 0.0006721019744873047s
2021-09-17 08:22:27,422 BFS vertex 5339. Time: 0.0005936622619628906s
2021-09-17 08:22:27,422 BFS vertex 8949. Time: 0.0006077289581298828s
2021-09-17 08:22:27,422 BFS vertex 3260. Time: 0.0005824565887451172s
2021-09-17 08:22:27,422 BFS vertex 589. Time: 0.0008325576782226562s
2021-09-17 08:22:27,423 BFS vertex 811. Time: 0.0006000995635986328s
2021-09-17 08:22:27,423 BFS vertex 5554. Time: 0.0006101131439208984s
2021-09-17 08:22:27,423 BFS vertex 9139. Time: 0.0005886554718017578s
2021-09-17 08:22:27,423 BFS vertex 3982. Time: 0.0008409023284912109s
2021-09-17 08:22:27,423 BFS vertex 1829. Time: 0.0006105899810791016s
2021-09-17 08:22:27,423 BFS vertex 1432. Time: 0.0006968975067138672s
2021-09-17 08:22:27,424 BFS vertex 2260. Time: 0.0008056163787841797s
2021-09-17 08:22:27,424 BFS vertex 1611. Time: 0.0007143020629882812s
2021-09-17 08:22:27,424 BFS vertex 5212. Time: 0.0006766319274902344s
2021-09-17 08:22:27,424 BFS vertex 197. Time: 0.0007729530334472656s
2021-09-17 08:22:27,424 BFS vertex 3599. Time: 0.0005922317504882812s
2021-09-17 08:22:27,425 BFS vertex 680. Time: 0.0006127357482910156s
2021-09-17 08:22:27,425 BFS vertex 494. Time: 0.0003898143768310547s
2021-09-17 08:22:27,425 BFS vertex 3391. Time: 0.0005743503570556641s
2021-09-17 08:22:27,425 BFS vertex 6446. Time: 0.0006277561187744141s
2021-09-17 08:22:27,425 BFS vertex 1842. Time: 0.00038051605224609375s
2021-09-17 08:22:27,425 BFS vertex 2201. Time: 0.0006010532379150391s
2021-09-17 08:22:27,426 BFS vertex 246. Time: 0.00037360191345214844s
2021-09-17 08:22:27,426 BFS vertex 1696. Time: 0.0005803108215332031s
2021-09-17 08:22:27,426 BFS vertex 203. Time: 0.0006229877471923828s
2021-09-17 08:22:27,426 BFS vertex 1900. Time: 0.00037384033203125s
2021-09-17 08:22:27,426 BFS vertex 9125. Time: 0.0006122589111328125s
2021-09-17 08:22:27,426 BFS vertex 9154. Time: 0.0005784034729003906s
2021-09-17 08:22:27,426 BFS vertex 588. Time: 0.0006380081176757812s
2021-09-17 08:22:27,426 BFS vertex 604. Time: 0.00035834312438964844s
2021-09-17 08:22:27,427 BFS vertex 3232. Time: 0.0006203651428222656s
2021-09-17 08:22:27,427 BFS vertex 225. Time: 0.0003752708435058594s
2021-09-17 08:22:27,427 BFS vertex 5158. Time: 0.0005724430084228516s
2021-09-17 08:22:27,427 BFS vertex 489. Time: 0.000629425048828125s
2021-09-17 08:22:27,427 BFS vertex 401. Time: 0.0004925727844238281s
2021-09-17 08:22:27,428 BFS vertex 406. Time: 0.0006735324859619141s
2021-09-17 08:22:27,428 BFS vertex 7517. Time: 0.0006618499755859375s
2021-09-17 08:22:27,428 BFS vertex 215. Time: 0.0007166862487792969s
2021-09-17 08:22:27,428 BFS vertex 210. Time: 0.00041365623474121094s
2021-09-17 08:22:27,428 BFS vertex 700. Time: 0.0006170272827148438s
2021-09-17 08:22:27,428 BFS vertex 1488. Time: 0.0005888938903808594s
2021-09-17 08:22:27,428 BFS vertex 596. Time: 0.0003714561462402344s
2021-09-17 08:22:27,429 BFS vertex 925. Time: 0.0006403923034667969s
2021-09-17 08:22:27,429 BFS vertex 132. Time: 0.00036716461181640625s
2021-09-17 08:22:27,429 BFS vertex 2715. Time: 0.0005657672882080078s
2021-09-17 08:22:27,429 BFS vertex 174. Time: 0.0005884170532226562s
2021-09-17 08:22:27,429 BFS vertex 9118. Time: 0.0003714561462402344s
2021-09-17 08:22:27,429 BFS vertex 1253. Time: 0.0006234645843505859s
2021-09-17 08:22:27,430 BFS vertex 427. Time: 0.0005667209625244141s
2021-09-17 08:22:27,430 BFS vertex 1489. Time: 0.0005745887756347656s
2021-09-17 08:22:27,430 BFS vertex 2808. Time: 0.00037169456481933594s
2021-09-17 08:22:27,430 BFS vertex 585. Time: 0.0006339550018310547s
2021-09-17 08:22:27,430 BFS vertex 1483. Time: 0.0003795623779296875s
2021-09-17 08:22:27,430 BFS vertex 245. Time: 0.0005903244018554688s
2021-09-17 08:22:27,430 BFS vertex 1745. Time: 0.0005817413330078125s
2021-09-17 08:22:27,430 BFS vertex 312. Time: 0.00036072731018066406s
2021-09-17 08:22:27,431 BFS vertex 697. Time: 0.0006406307220458984s
2021-09-17 08:22:27,431 BFS vertex 643. Time: 0.0005981922149658203s
2021-09-17 08:22:27,431 BFS vertex 1400. Time: 0.0003619194030761719s
2021-09-17 08:22:27,431 BFS vertex 1209. Time: 0.0005915164947509766s
2021-09-17 08:22:27,432 BFS vertex 86. Time: 0.0007989406585693359s
2021-09-17 08:22:27,432 BFS vertex 331. Time: 0.0008144378662109375s
2021-09-17 08:22:27,432 BFS vertex 3139. Time: 0.0007319450378417969s
2021-09-17 08:22:27,432 BFS vertex 2728. Time: 0.0007908344268798828s
2021-09-17 08:22:27,432 BFS vertex 440. Time: 0.0006494522094726562s
2021-09-17 08:22:27,432 BFS vertex 9212. Time: 0.0006203651428222656s
2021-09-17 08:22:27,433 BFS vertex 2330. Time: 0.0006225109100341797s
2021-09-17 08:22:27,433 BFS vertex 9149. Time: 0.0008401870727539062s
2021-09-17 08:22:27,433 BFS vertex 182. Time: 0.0006046295166015625s
2021-09-17 08:22:27,433 BFS vertex 3030. Time: 0.0005772113800048828s
2021-09-17 08:22:27,433 BFS vertex 316. Time: 0.0006036758422851562s
2021-09-17 08:22:27,434 BFS vertex 292. Time: 0.0008075237274169922s
2021-09-17 08:22:27,434 BFS vertex 6258. Time: 0.0006208419799804688s
2021-09-17 08:22:27,434 BFS vertex 6026. Time: 0.0006089210510253906s
2021-09-17 08:22:27,434 BFS vertex 1239. Time: 0.0006108283996582031s
2021-09-17 08:22:27,434 BFS vertex 565. Time: 0.0005984306335449219s
2021-09-17 08:22:27,434 BFS vertex 9159. Time: 0.0005972385406494141s
2021-09-17 08:22:27,435 BFS vertex 9133. Time: 0.0005893707275390625s
2021-09-17 08:22:27,435 BFS vertex 318. Time: 0.00079345703125s
2021-09-17 08:22:27,435 BFS vertex 261. Time: 0.0005872249603271484s
2021-09-17 08:22:27,435 BFS vertex 1328. Time: 0.0006148815155029297s
2021-09-17 08:22:27,435 BFS vertex 322. Time: 0.0005886554718017578s
2021-09-17 08:22:27,436 BFS vertex 2913. Time: 0.0012047290802001953s
2021-09-17 08:22:27,436 BFS vertex 459. Time: 0.0007600784301757812s
2021-09-17 08:22:27,436 BFS vertex 1496. Time: 0.0007693767547607422s
2021-09-17 08:22:27,436 BFS vertex 9150. Time: 0.0007877349853515625s
2021-09-17 08:22:27,437 BFS vertex 2215. Time: 0.0005979537963867188s
2021-09-17 08:22:27,437 BFS vertex 75. Time: 0.0006103515625s
2021-09-17 08:22:27,437 BFS vertex 2217. Time: 0.0005941390991210938s
2021-09-17 08:22:27,437 BFS vertex 9224. Time: 0.0008270740509033203s
2021-09-17 08:22:27,437 BFS vertex 637. Time: 0.0006418228149414062s
2021-09-17 08:22:27,437 BFS vertex 1018. Time: 0.0006449222564697266s
2021-09-17 08:22:27,437 BFS vertex 187. Time: 0.0006840229034423828s
2021-09-17 08:22:27,438 BFS vertex 5721. Time: 0.0008296966552734375s
2021-09-17 08:22:27,438 BFS vertex 9160. Time: 0.0005984306335449219s
2021-09-17 08:22:27,438 BFS vertex 3580. Time: 0.0006012916564941406s
2021-09-17 08:22:27,438 BFS vertex 622. Time: 0.0006086826324462891s
2021-09-17 08:22:27,439 BFS vertex 1274. Time: 0.0007956027984619141s
2021-09-17 08:22:27,439 BFS vertex 1117. Time: 0.0006644725799560547s
2021-09-17 08:22:27,439 BFS vertex 2926. Time: 0.0006465911865234375s
2021-09-17 08:22:27,439 BFS vertex 206. Time: 0.0007185935974121094s
2021-09-17 08:22:27,440 BFS vertex 3549. Time: 0.0006868839263916016s
2021-09-17 08:22:27,440 BFS vertex 470. Time: 0.0006761550903320312s
2021-09-17 08:22:27,440 BFS vertex 431. Time: 0.0006811618804931641s
2021-09-17 08:22:27,440 BFS vertex 2195. Time: 0.0009021759033203125s
2021-09-17 08:22:27,440 BFS vertex 9170. Time: 0.0006177425384521484s
2021-09-17 08:22:27,440 BFS vertex 1662. Time: 0.0006110668182373047s
2021-09-17 08:22:27,440 BFS vertex 1046. Time: 0.0006115436553955078s
2021-09-17 08:22:27,441 BFS vertex 6845. Time: 0.0008196830749511719s
2021-09-17 08:22:27,441 BFS vertex 1231. Time: 0.0005888938903808594s
2021-09-17 08:22:27,441 BFS vertex 286. Time: 0.0006003379821777344s
2021-09-17 08:22:27,441 BFS vertex 753. Time: 0.0006029605865478516s
2021-09-17 08:22:27,442 BFS vertex 9213. Time: 0.0007879734039306641s
2021-09-17 08:22:27,442 BFS vertex 1169. Time: 0.0005800724029541016s
2021-09-17 08:22:27,442 BFS vertex 8326. Time: 0.0006051063537597656s
2021-09-17 08:22:27,442 BFS vertex 9141. Time: 0.0006098747253417969s
2021-09-17 08:22:27,442 BFS vertex 6928. Time: 0.0006053447723388672s
2021-09-17 08:22:27,442 BFS vertex 3740. Time: 0.0005984306335449219s
2021-09-17 08:22:27,442 BFS vertex 581. Time: 0.0006206035614013672s
2021-09-17 08:22:27,442 BFS vertex 1101. Time: 0.0007987022399902344s
2021-09-17 08:22:27,443 BFS vertex 293. Time: 0.0005862712860107422s
2021-09-17 08:22:27,443 BFS vertex 510. Time: 0.0006043910980224609s
2021-09-17 08:22:27,443 BFS vertex 334. Time: 0.0006024837493896484s
2021-09-17 08:22:27,443 BFS vertex 2291. Time: 0.0008318424224853516s
2021-09-17 08:22:27,444 BFS vertex 2023. Time: 0.0007114410400390625s
2021-09-17 08:22:27,444 BFS vertex 1658. Time: 0.0007562637329101562s
2021-09-17 08:22:27,444 BFS vertex 9222. Time: 0.0007512569427490234s
2021-09-17 08:22:27,444 BFS vertex 1832. Time: 0.0008149147033691406s
2021-09-17 08:22:27,445 BFS vertex 9190. Time: 0.0006117820739746094s
2021-09-17 08:22:27,445 BFS vertex 3015. Time: 0.0006034374237060547s
2021-09-17 08:22:27,445 BFS vertex 1597. Time: 0.0006139278411865234s
2021-09-17 08:22:27,445 BFS vertex 25. Time: 0.0005929470062255859s
2021-09-17 08:22:27,445 BFS vertex 2516. Time: 0.0006318092346191406s
2021-09-17 08:22:27,445 BFS vertex 142. Time: 0.0006113052368164062s
2021-09-17 08:22:27,445 BFS vertex 1396. Time: 0.0008289813995361328s
2021-09-17 08:22:27,446 BFS vertex 6066. Time: 0.0005731582641601562s
2021-09-17 08:22:27,446 BFS vertex 490. Time: 0.0005898475646972656s
2021-09-17 08:22:27,446 BFS vertex 9167. Time: 0.0006127357482910156s
2021-09-17 08:22:27,446 BFS vertex 1655. Time: 0.0008261203765869141s
2021-09-17 08:22:27,446 BFS vertex 1314. Time: 0.0005779266357421875s
2021-09-17 08:22:27,446 BFS vertex 392. Time: 0.0005900859832763672s
2021-09-17 08:22:27,447 BFS vertex 469. Time: 0.0005891323089599609s
2021-09-17 08:22:27,447 BFS vertex 3145. Time: 0.0005893707275390625s
2021-09-17 08:22:27,447 BFS vertex 9168. Time: 0.0005910396575927734s
2021-09-17 08:22:27,447 BFS vertex 306. Time: 0.0008127689361572266s
2021-09-17 08:22:27,447 BFS vertex 5739. Time: 0.0005860328674316406s
2021-09-17 08:22:27,448 BFS vertex 655. Time: 0.0006871223449707031s
2021-09-17 08:22:27,448 BFS vertex 7645. Time: 0.0007219314575195312s
2021-09-17 08:22:27,448 BFS vertex 284. Time: 0.0006914138793945312s
2021-09-17 08:22:27,448 BFS vertex 53. Time: 0.0009579658508300781s
2021-09-17 08:22:27,449 BFS vertex 1229. Time: 0.0006024837493896484s
2021-09-17 08:22:27,449 BFS vertex 7641. Time: 0.0005981922149658203s
2021-09-17 08:22:27,449 BFS vertex 9143. Time: 0.0006015300750732422s
2021-09-17 08:22:27,449 BFS vertex 435. Time: 0.0008311271667480469s
2021-09-17 08:22:27,449 BFS vertex 165. Time: 0.0005843639373779297s
2021-09-17 08:22:27,449 BFS vertex 5806. Time: 0.0006060600280761719s
2021-09-17 08:22:27,449 BFS vertex 8066. Time: 0.0005922317504882812s
2021-09-17 08:22:27,450 BFS vertex 7878. Time: 0.0005800724029541016s
2021-09-17 08:22:27,450 BFS vertex 9215. Time: 0.0006031990051269531s
2021-09-17 08:22:27,450 BFS vertex 283. Time: 0.0006201267242431641s
2021-09-17 08:22:27,450 BFS vertex 180. Time: 0.0008146762847900391s
2021-09-17 08:22:27,451 BFS vertex 424. Time: 0.0006003379821777344s
2021-09-17 08:22:27,451 BFS vertex 1720. Time: 0.0005884170532226562s
2021-09-17 08:22:27,451 BFS vertex 1275. Time: 0.0006074905395507812s
2021-09-17 08:22:27,451 BFS vertex 497. Time: 0.0008304119110107422s
2021-09-17 08:22:27,451 BFS vertex 328. Time: 0.0005877017974853516s
2021-09-17 08:22:27,451 BFS vertex 248. Time: 0.0006124973297119141s
2021-09-17 08:22:27,451 BFS vertex 570. Time: 0.0006937980651855469s
2021-09-17 08:22:27,452 BFS vertex 1784. Time: 0.0006854534149169922s
2021-09-17 08:22:27,452 BFS vertex 6460. Time: 0.0007042884826660156s
2021-09-17 08:22:27,452 BFS vertex 6931. Time: 0.0008759498596191406s
2021-09-17 08:22:27,452 BFS vertex 37. Time: 0.0006465911865234375s
2021-09-17 08:22:27,453 BFS vertex 69. Time: 0.0004565715789794922s
2021-09-17 08:22:27,453 BFS vertex 9156. Time: 0.0006062984466552734s
2021-09-17 08:22:27,453 BFS vertex 9117. Time: 0.0006122589111328125s
2021-09-17 08:22:27,453 BFS vertex 244. Time: 0.0005934238433837891s
2021-09-17 08:22:27,453 BFS vertex 266. Time: 0.0003666877746582031s
2021-09-17 08:22:27,453 BFS vertex 81. Time: 0.0003650188446044922s
2021-09-17 08:22:27,453 BFS vertex 2128. Time: 0.0006275177001953125s
2021-09-17 08:22:27,453 BFS vertex 4617. Time: 0.0006411075592041016s
2021-09-17 08:22:27,454 BFS vertex 1162. Time: 0.0006875991821289062s
2021-09-17 08:22:27,454 BFS vertex 2157. Time: 0.0003764629364013672s
2021-09-17 08:22:27,454 BFS vertex 9122. Time: 0.0005917549133300781s
2021-09-17 08:22:27,454 BFS vertex 3657. Time: 0.0005924701690673828s
2021-09-17 08:22:27,454 BFS vertex 2565. Time: 0.0003790855407714844s
2021-09-17 08:22:27,454 BFS vertex 2859. Time: 0.0006227493286132812s
2021-09-17 08:22:27,455 BFS vertex 3799. Time: 0.0003757476806640625s
2021-09-17 08:22:27,455 BFS vertex 3204. Time: 0.0005757808685302734s
2021-09-17 08:22:27,455 BFS vertex 5525. Time: 0.0005900859832763672s
2021-09-17 08:22:27,455 BFS vertex 212. Time: 0.0006091594696044922s
2021-09-17 08:22:27,455 BFS vertex 2483. Time: 0.0003666877746582031s
2021-09-17 08:22:27,455 BFS vertex 56. Time: 0.00036907196044921875s
2021-09-17 08:22:27,455 BFS vertex 2003. Time: 0.0006434917449951172s
2021-09-17 08:22:27,455 BFS vertex 9158. Time: 0.0005974769592285156s
2021-09-17 08:22:27,456 BFS vertex 1112. Time: 0.0006916522979736328s
2021-09-17 08:22:27,456 BFS vertex 348. Time: 0.0003571510314941406s
2021-09-17 08:22:27,456 BFS vertex 1134. Time: 0.0006070137023925781s
2021-09-17 08:22:27,456 BFS vertex 321. Time: 0.0006000995635986328s
2021-09-17 08:22:27,456 BFS vertex 2203. Time: 0.00038504600524902344s
2021-09-17 08:22:27,456 BFS vertex 8972. Time: 0.0006287097930908203s
2021-09-17 08:22:27,457 BFS vertex 9135. Time: 0.00036978721618652344s
2021-09-17 08:22:27,457 BFS vertex 1578. Time: 0.0005786418914794922s
2021-09-17 08:22:27,457 BFS vertex 5090. Time: 0.0005970001220703125s
2021-09-17 08:22:27,457 BFS vertex 609. Time: 0.00037026405334472656s
2021-09-17 08:22:27,457 BFS vertex 2393. Time: 0.0006127357482910156s
2021-09-17 08:22:27,457 BFS vertex 1586. Time: 0.0005862712860107422s
2021-09-17 08:22:27,457 BFS vertex 3653. Time: 0.0005981922149658203s
2021-09-17 08:22:27,458 BFS vertex 9155. Time: 0.0003657341003417969s
2021-09-17 08:22:27,458 BFS vertex 1750. Time: 0.0006031990051269531s
2021-09-17 08:22:27,458 BFS vertex 207. Time: 0.0003657341003417969s
2021-09-17 08:22:27,458 BFS vertex 9132. Time: 0.0005702972412109375s
2021-09-17 08:22:27,458 BFS vertex 1747. Time: 0.0006139278411865234s
2021-09-17 08:22:27,458 BFS vertex 65. Time: 0.00036835670471191406s
2021-09-17 08:22:27,458 BFS vertex 2316. Time: 0.0006012916564941406s
2021-09-17 08:22:27,459 BFS vertex 1150. Time: 0.0005769729614257812s
2021-09-17 08:22:27,459 BFS vertex 402. Time: 0.0003590583801269531s
2021-09-17 08:22:27,459 BFS vertex 1581. Time: 0.0005872249603271484s
2021-09-17 08:22:27,459 BFS vertex 2395. Time: 0.00037169456481933594s
2021-09-17 08:22:27,459 BFS vertex 1078. Time: 0.0006136894226074219s
2021-09-17 08:22:27,459 BFS vertex 9166. Time: 0.0006363391876220703s
2021-09-17 08:22:27,459 BFS vertex 2438. Time: 0.0006392002105712891s
2021-09-17 08:22:27,460 BFS vertex 9193. Time: 0.00037026405334472656s
2021-09-17 08:22:27,460 BFS vertex 571. Time: 0.0003674030303955078s
2021-09-17 08:22:27,460 BFS vertex 411. Time: 0.0007190704345703125s
2021-09-17 08:22:27,460 BFS vertex 3330. Time: 0.0006279945373535156s
2021-09-17 08:22:27,460 BFS vertex 43. Time: 0.0006392002105712891s
2021-09-17 08:22:27,460 BFS vertex 9138. Time: 0.000362396240234375s
2021-09-17 08:22:27,461 BFS vertex 7257. Time: 0.0006248950958251953s
2021-09-17 08:22:27,461 BFS vertex 9175. Time: 0.000370025634765625s
2021-09-17 08:22:27,461 BFS vertex 831. Time: 0.0005922317504882812s
2021-09-17 08:22:27,461 BFS vertex 150. Time: 0.0005981922149658203s
2021-09-17 08:22:27,461 BFS vertex 103. Time: 0.0003612041473388672s
2021-09-17 08:22:27,461 BFS vertex 1553. Time: 0.0006005764007568359s
2021-09-17 08:22:27,462 BFS vertex 9205. Time: 0.0005927085876464844s
2021-09-17 08:22:27,462 BFS vertex 1192. Time: 0.0005993843078613281s
2021-09-17 08:22:27,462 BFS vertex 9140. Time: 0.00036263465881347656s
2021-09-17 08:22:27,462 BFS vertex 2200. Time: 0.0006165504455566406s
2021-09-17 08:22:27,462 BFS vertex 9177. Time: 0.00037407875061035156s
2021-09-17 08:22:27,462 BFS vertex 617. Time: 0.0005867481231689453s
2021-09-17 08:22:27,462 BFS vertex 1125. Time: 0.0006055831909179688s
2021-09-17 08:22:27,462 BFS vertex 590. Time: 0.0003676414489746094s
2021-09-17 08:22:27,463 BFS vertex 613. Time: 0.0006232261657714844s
2021-09-17 08:22:27,463 BFS vertex 216. Time: 0.0005762577056884766s
2021-09-17 08:22:27,463 BFS vertex 5974. Time: 0.0005886554718017578s
2021-09-17 08:22:27,463 BFS vertex 723. Time: 0.00036025047302246094s
2021-09-17 08:22:27,463 BFS vertex 645. Time: 0.00036263465881347656s
2021-09-17 08:22:27,463 BFS vertex 5962. Time: 0.0006742477416992188s
2021-09-17 08:22:27,464 BFS vertex 456. Time: 0.0006473064422607422s
2021-09-17 08:22:27,464 BFS vertex 177. Time: 0.0006852149963378906s
2021-09-17 08:22:27,464 BFS vertex 260. Time: 0.0003616809844970703s
2021-09-17 08:22:27,464 BFS vertex 325. Time: 0.0003628730773925781s
2021-09-17 08:22:27,464 BFS vertex 355. Time: 0.0006093978881835938s
2021-09-17 08:22:27,464 BFS vertex 2941. Time: 0.0005931854248046875s
2021-09-17 08:22:27,464 BFS vertex 475. Time: 0.0006439685821533203s
2021-09-17 08:22:27,465 BFS vertex 113. Time: 0.0003688335418701172s
2021-09-17 08:22:27,465 BFS vertex 195. Time: 0.0005865097045898438s
2021-09-17 08:22:27,465 BFS vertex 8916. Time: 0.0006124973297119141s
2021-09-17 08:22:27,465 BFS vertex 152. Time: 0.0006115436553955078s
2021-09-17 08:22:27,465 BFS vertex 625. Time: 0.0003712177276611328s
2021-09-17 08:22:27,465 BFS vertex 458. Time: 0.0003731250762939453s
2021-09-17 08:22:27,466 BFS vertex 9220. Time: 0.000583648681640625s
2021-09-17 08:22:27,466 BFS vertex 854. Time: 0.0006062984466552734s
2021-09-17 08:22:27,466 BFS vertex 9217. Time: 0.0006206035614013672s
2021-09-17 08:22:27,466 BFS vertex 600. Time: 0.00038743019104003906s
2021-09-17 08:22:27,466 BFS vertex 38. Time: 0.0003647804260253906s
2021-09-17 08:22:27,466 BFS vertex 465. Time: 0.0005779266357421875s
2021-09-17 08:22:27,466 BFS vertex 2359. Time: 0.0006105899810791016s
2021-09-17 08:22:27,466 BFS vertex 2286. Time: 0.0005967617034912109s
2021-09-17 08:22:27,467 BFS vertex 83. Time: 0.00036025047302246094s
2021-09-17 08:22:27,467 BFS vertex 3283. Time: 0.0005979537963867188s
2021-09-17 08:22:27,467 BFS vertex 9219. Time: 0.0006046295166015625s
2021-09-17 08:22:27,467 BFS vertex 9172. Time: 0.0005986690521240234s
2021-09-17 08:22:27,467 BFS vertex 9189. Time: 0.0003714561462402344s
2021-09-17 08:22:27,467 BFS vertex 1276. Time: 0.0003712177276611328s
2021-09-17 08:22:27,468 BFS vertex 1843. Time: 0.0006570816040039062s
2021-09-17 08:22:27,468 BFS vertex 9162. Time: 0.0006868839263916016s
2021-09-17 08:22:27,468 BFS vertex 175. Time: 0.0006854534149169922s
2021-09-17 08:22:27,468 BFS vertex 1342. Time: 0.00035834312438964844s
2021-09-17 08:22:27,468 BFS vertex 807. Time: 0.0003657341003417969s
2021-09-17 08:22:27,468 BFS vertex 6. Time: 0.0005943775177001953s
2021-09-17 08:22:27,468 BFS vertex 9103. Time: 0.0006341934204101562s
2021-09-17 08:22:27,468 BFS vertex 7357. Time: 0.0006275177001953125s
2021-09-17 08:22:27,469 BFS vertex 9188. Time: 0.00036144256591796875s
2021-09-17 08:22:27,469 BFS vertex 5815. Time: 0.0005826950073242188s
2021-09-17 08:22:27,469 BFS vertex 545. Time: 0.0005853176116943359s
2021-09-17 08:22:27,469 BFS vertex 294. Time: 0.00035190582275390625s
2021-09-17 08:22:27,469 BFS vertex 517. Time: 0.0006625652313232422s
2021-09-17 08:22:27,469 BFS vertex 9126. Time: 0.000370025634765625s
2021-09-17 08:22:27,470 BFS vertex 9174. Time: 0.0006361007690429688s
2021-09-17 08:22:27,470 BFS vertex 296. Time: 0.0006487369537353516s
2021-09-17 08:22:27,470 BFS vertex 6950. Time: 0.0003476142883300781s
2021-09-17 08:22:27,470 BFS vertex 4813. Time: 0.0006818771362304688s
2021-09-17 08:22:27,470 BFS vertex 223. Time: 0.0003657341003417969s
2021-09-17 08:22:27,470 BFS vertex 381. Time: 0.0005943775177001953s
2021-09-17 08:22:27,470 BFS vertex 23. Time: 0.0005905628204345703s
2021-09-17 08:22:27,471 BFS vertex 9197. Time: 0.0006175041198730469s
2021-09-17 08:22:27,471 BFS vertex 934. Time: 0.00035953521728515625s
2021-09-17 08:22:27,471 BFS vertex 1886. Time: 0.0005984306335449219s
2021-09-17 08:22:27,471 BFS vertex 256. Time: 0.0005908012390136719s
2021-09-17 08:22:27,471 BFS vertex 9179. Time: 0.0003757476806640625s
2021-09-17 08:22:27,471 BFS vertex 9137. Time: 0.0006115436553955078s
2021-09-17 08:22:27,472 BFS vertex 601. Time: 0.0005495548248291016s
2021-09-17 08:22:27,472 BFS vertex 3906. Time: 0.0006527900695800781s
2021-09-17 08:22:27,472 BFS vertex 864. Time: 0.0007202625274658203s
2021-09-17 08:22:27,472 BFS vertex 159. Time: 0.0007119178771972656s
2021-09-17 08:22:27,472 BFS vertex 64. Time: 0.0003848075866699219s
2021-09-17 08:22:27,472 BFS vertex 190. Time: 0.0006146430969238281s
2021-09-17 08:22:27,472 BFS vertex 163. Time: 0.0006077289581298828s
2021-09-17 08:22:27,473 BFS vertex 241. Time: 0.00036907196044921875s
2021-09-17 08:22:27,473 BFS vertex 9148. Time: 0.000591278076171875s
2021-09-17 08:22:27,473 BFS vertex 8934. Time: 0.00036907196044921875s
2021-09-17 08:22:27,473 BFS vertex 1054. Time: 0.0005936622619628906s
2021-09-17 08:22:27,473 BFS vertex 128. Time: 0.000606536865234375s
2021-09-17 08:22:27,473 BFS vertex 8045. Time: 0.0005977153778076172s
2021-09-17 08:22:27,473 BFS vertex 9134. Time: 0.0003662109375s
2021-09-17 08:22:27,474 BFS vertex 9151. Time: 0.0006017684936523438s
2021-09-17 08:22:27,474 BFS vertex 1703. Time: 0.0006127357482910156s
2021-09-17 08:22:27,474 BFS vertex 2538. Time: 0.00039076805114746094s
2021-09-17 08:22:27,474 BFS vertex 9184. Time: 0.0006039142608642578s
2021-09-17 08:22:27,474 BFS vertex 9163. Time: 0.00036787986755371094s
2021-09-17 08:22:27,474 BFS vertex 1676. Time: 0.0006222724914550781s
2021-09-17 08:22:27,474 BFS vertex 821. Time: 0.0006227493286132812s
2021-09-17 08:22:27,475 BFS vertex 1260. Time: 0.0003597736358642578s
2021-09-17 08:22:27,475 BFS vertex 9124. Time: 0.000614166259765625s
2021-09-17 08:22:27,475 BFS vertex 909. Time: 0.0003693103790283203s
2021-09-17 08:22:27,475 BFS vertex 505. Time: 0.0005631446838378906s
2021-09-17 08:22:27,475 BFS vertex 1798. Time: 0.0005950927734375s
2021-09-17 08:22:27,475 BFS vertex 9157. Time: 0.00064849853515625s
2021-09-17 08:22:27,476 BFS vertex 1164. Time: 0.00038623809814453125s
2021-09-17 08:22:27,476 BFS vertex 1137. Time: 0.0006875991821289062s
2021-09-17 08:22:27,476 BFS vertex 530. Time: 0.00036406517028808594s
2021-09-17 08:22:27,476 BFS vertex 3054. Time: 0.0007033348083496094s
2021-09-17 08:22:27,476 BFS vertex 423. Time: 0.0006501674652099609s
2021-09-17 08:22:27,476 BFS vertex 320. Time: 0.00036144256591796875s
2021-09-17 08:22:27,477 BFS vertex 752. Time: 0.0005934238433837891s
2021-09-17 08:22:27,477 BFS vertex 6668. Time: 0.0005977153778076172s
2021-09-17 08:22:27,477 BFS vertex 1468. Time: 0.00036597251892089844s
2021-09-17 08:22:27,477 BFS vertex 315. Time: 0.0005977153778076172s
2021-09-17 08:22:27,477 BFS vertex 1749. Time: 0.0003731250762939453s
2021-09-17 08:22:27,477 BFS vertex 9152. Time: 0.0005943775177001953s
2021-09-17 08:22:27,477 BFS vertex 6121. Time: 0.0005779266357421875s
2021-09-17 08:22:27,478 BFS vertex 1303. Time: 0.0006077289581298828s
2021-09-17 08:22:27,478 BFS vertex 372. Time: 0.0003669261932373047s
2021-09-17 08:22:27,478 BFS vertex 4676. Time: 0.0005979537963867188s
2021-09-17 08:22:27,478 BFS vertex 1257. Time: 0.0005977153778076172s
2021-09-17 08:22:27,478 BFS vertex 630. Time: 0.0003612041473388672s
2021-09-17 08:22:27,478 BFS vertex 9121. Time: 0.0006024837493896484s
2021-09-17 08:22:27,478 BFS vertex 639. Time: 0.00036406517028808594s
2021-09-17 08:22:27,479 BFS vertex 9192. Time: 0.0005967617034912109s
2021-09-17 08:22:27,479 BFS vertex 9146. Time: 0.0005970001220703125s
2021-09-17 08:22:27,479 BFS vertex 2947. Time: 0.0003509521484375s
2021-09-17 08:22:27,479 BFS vertex 633. Time: 0.0006048679351806641s
2021-09-17 08:22:27,479 BFS vertex 408. Time: 0.0005776882171630859s
2021-09-17 08:22:27,479 BFS vertex 2769. Time: 0.0005967617034912109s
2021-09-17 08:22:27,479 BFS vertex 393. Time: 0.00037789344787597656s
2021-09-17 08:22:27,480 BFS vertex 407. Time: 0.0003657341003417969s
2021-09-17 08:22:27,480 BFS vertex 9204. Time: 0.0006453990936279297s
2021-09-17 08:22:27,480 BFS vertex 535. Time: 0.0006480216979980469s
2021-09-17 08:22:27,480 BFS vertex 7998. Time: 0.0007004737854003906s
2021-09-17 08:22:27,480 BFS vertex 42. Time: 0.0003635883331298828s
2021-09-17 08:22:27,480 BFS vertex 5738. Time: 0.0006406307220458984s
2021-09-17 08:22:27,480 BFS vertex 1088. Time: 0.0003743171691894531s
2021-09-17 08:22:27,481 BFS vertex 1302. Time: 0.0006015300750732422s
2021-09-17 08:22:27,481 BFS vertex 5702. Time: 0.0005676746368408203s
2021-09-17 08:22:27,481 BFS vertex 5052. Time: 0.00036525726318359375s
2021-09-17 08:22:27,481 BFS vertex 619. Time: 0.0006031990051269531s
2021-09-17 08:22:27,481 BFS vertex 518. Time: 0.0005867481231689453s
2021-09-17 08:22:27,481 BFS vertex 2292. Time: 0.0005955696105957031s
2021-09-17 08:22:27,481 BFS vertex 442. Time: 0.0003666877746582031s
2021-09-17 08:22:27,482 BFS vertex 9127. Time: 0.00036215782165527344s
2021-09-17 08:22:27,482 BFS vertex 514. Time: 0.0006494522094726562s
2021-09-17 08:22:27,482 BFS vertex 2434. Time: 0.0006735324859619141s
2021-09-17 08:22:27,482 BFS vertex 1828. Time: 0.0006632804870605469s
2021-09-17 08:22:27,482 BFS vertex 2374. Time: 0.0003762245178222656s
2021-09-17 08:22:27,482 BFS vertex 105. Time: 0.00035858154296875s
2021-09-17 08:22:27,483 BFS vertex 463. Time: 0.0006613731384277344s
2021-09-17 08:22:27,483 BFS vertex 3415. Time: 0.0006034374237060547s
2021-09-17 08:22:27,483 BFS vertex 9180. Time: 0.0006101131439208984s
2021-09-17 08:22:27,483 BFS vertex 10. Time: 0.0003733634948730469s
2021-09-17 08:22:27,483 BFS vertex 1377. Time: 0.0006105899810791016s
2021-09-17 08:22:27,483 BFS vertex 299. Time: 0.0003581047058105469s
2021-09-17 08:22:27,483 BFS vertex 963. Time: 0.0006043910980224609s
2021-09-17 08:22:27,483 BFS vertex 2461. Time: 0.0006387233734130859s
2021-09-17 08:22:27,484 BFS vertex 7966. Time: 0.00036215782165527344s
2021-09-17 08:22:27,484 BFS vertex 1823. Time: 0.0007197856903076172s
2021-09-17 08:22:27,484 BFS vertex 546. Time: 0.0003635883331298828s
2021-09-17 08:22:27,484 BFS vertex 3456. Time: 0.0006814002990722656s
2021-09-17 08:22:27,484 BFS vertex 7408. Time: 0.000652313232421875s
2021-09-17 08:22:27,485 BFS vertex 672. Time: 0.00038242340087890625s
2021-09-17 08:22:27,485 BFS vertex 473. Time: 0.0005991458892822266s
2021-09-17 08:22:27,485 BFS vertex 582. Time: 0.0005996227264404297s
2021-09-17 08:22:27,485 BFS vertex 818. Time: 0.0005903244018554688s
2021-09-17 08:22:27,485 BFS vertex 2503. Time: 0.0003612041473388672s
2021-09-17 08:22:27,485 BFS vertex 552. Time: 0.000370025634765625s
2021-09-17 08:22:27,485 BFS vertex 2962. Time: 0.0006003379821777344s
2021-09-17 08:22:27,485 BFS vertex 421. Time: 0.0006411075592041016s
2021-09-17 08:22:27,485 BFS vertex 5903. Time: 0.0006527900695800781s
2021-09-17 08:22:27,486 BFS vertex 9142. Time: 0.00036454200744628906s
2021-09-17 08:22:27,486 BFS vertex 9185. Time: 0.0006611347198486328s
2021-09-17 08:22:27,486 BFS vertex 373. Time: 0.0003666877746582031s
2021-09-17 08:22:27,486 BFS vertex 369. Time: 0.0006079673767089844s
2021-09-17 08:22:27,486 BFS vertex 3387. Time: 0.0006008148193359375s
2021-09-17 08:22:27,487 BFS vertex 1808. Time: 0.0003516674041748047s
2021-09-17 08:22:27,487 BFS vertex 3437. Time: 0.0006084442138671875s
2021-09-17 08:22:27,487 BFS vertex 629. Time: 0.0005931854248046875s
2021-09-17 08:22:27,487 BFS vertex 1719. Time: 0.0005896091461181641s
2021-09-17 08:22:27,487 BFS vertex 1875. Time: 0.0003654956817626953s
2021-09-17 08:22:27,487 BFS vertex 5781. Time: 0.0003814697265625s
2021-09-17 08:22:27,488 BFS vertex 1198. Time: 0.0006737709045410156s
2021-09-17 08:22:27,488 BFS vertex 2496. Time: 0.0006716251373291016s
2021-09-17 08:22:27,488 BFS vertex 5863. Time: 0.0006940364837646484s
2021-09-17 08:22:27,488 BFS vertex 9191. Time: 0.0003681182861328125s
2021-09-17 08:22:27,488 BFS vertex 251. Time: 0.0003867149353027344s
2021-09-17 08:22:27,488 BFS vertex 520. Time: 0.0005939006805419922s
2021-09-17 08:22:27,488 BFS vertex 1261. Time: 0.0006277561187744141s
2021-09-17 08:22:27,488 BFS vertex 1834. Time: 0.0006270408630371094s
2021-09-17 08:22:27,489 BFS vertex 9218. Time: 0.0003554821014404297s
2021-09-17 08:22:27,489 BFS vertex 5000. Time: 0.0005664825439453125s
2021-09-17 08:22:27,489 BFS vertex 7975. Time: 0.0005934238433837891s
2021-09-17 08:22:27,489 BFS vertex 3301. Time: 0.0006234645843505859s
2021-09-17 08:22:27,489 BFS vertex 638. Time: 0.0003674030303955078s
2021-09-17 08:22:27,489 BFS vertex 6139. Time: 0.000370025634765625s
2021-09-17 08:22:27,490 BFS vertex 9211. Time: 0.0005843639373779297s
2021-09-17 08:22:27,490 BFS vertex 9199. Time: 0.0005776882171630859s
2021-09-17 08:22:27,490 BFS vertex 1259. Time: 0.0006163120269775391s
2021-09-17 08:22:27,490 BFS vertex 1344. Time: 0.00035691261291503906s
2021-09-17 08:22:27,490 BFS vertex 496. Time: 0.0005807876586914062s
2021-09-17 08:22:27,490 BFS vertex 1343. Time: 0.00035452842712402344s
2021-09-17 08:22:27,490 BFS vertex 563. Time: 0.0005793571472167969s
2021-09-17 08:22:27,490 BFS vertex 59. Time: 0.0005998611450195312s
2021-09-17 08:22:27,491 BFS vertex 678. Time: 0.0003719329833984375s
2021-09-17 08:22:27,491 BFS vertex 5845. Time: 0.0005857944488525391s
2021-09-17 08:22:27,491 BFS vertex 1242. Time: 0.0005867481231689453s
2021-09-17 08:22:27,491 BFS vertex 628. Time: 0.00061798095703125s
2021-09-17 08:22:27,491 BFS vertex 568. Time: 0.00036406517028808594s
2021-09-17 08:22:27,491 BFS vertex 377. Time: 0.0003571510314941406s
2021-09-17 08:22:27,492 BFS vertex 914. Time: 0.0006551742553710938s
2021-09-17 08:22:27,492 BFS vertex 4849. Time: 0.0006561279296875s
2021-09-17 08:22:27,492 BFS vertex 8078. Time: 0.0006520748138427734s
2021-09-17 08:22:27,492 BFS vertex 2972. Time: 0.0003638267517089844s
2021-09-17 08:22:27,492 BFS vertex 1564. Time: 0.0003681182861328125s
2021-09-17 08:22:27,492 BFS vertex 9216. Time: 0.0006103515625s
2021-09-17 08:22:27,492 BFS vertex 4443. Time: 0.000606536865234375s
2021-09-17 08:22:27,492 BFS vertex 199. Time: 0.000591278076171875s
2021-09-17 08:22:27,493 BFS vertex 9171. Time: 0.00037169456481933594s
2021-09-17 08:22:27,493 BFS vertex 860. Time: 0.0005946159362792969s
2021-09-17 08:22:27,493 BFS vertex 192. Time: 0.0005924701690673828s
2021-09-17 08:22:27,493 BFS vertex 802. Time: 0.0006234645843505859s
2021-09-17 08:22:27,493 BFS vertex 9120. Time: 0.0003688335418701172s
2021-09-17 08:22:27,494 BFS vertex 7488. Time: 0.00036907196044921875s
2021-09-17 08:22:27,494 BFS vertex 118. Time: 0.0005950927734375s
2021-09-17 08:22:27,494 BFS vertex 1032. Time: 0.0005991458892822266s
2021-09-17 08:22:27,494 BFS vertex 995. Time: 0.0006082057952880859s
2021-09-17 08:22:27,494 BFS vertex 5012. Time: 0.00037288665771484375s
2021-09-17 08:22:27,494 BFS vertex 9129. Time: 0.0005707740783691406s
2021-09-17 08:22:27,494 BFS vertex 183. Time: 0.0005850791931152344s
2021-09-17 08:22:27,494 BFS vertex 556. Time: 0.0003542900085449219s
2021-09-17 08:22:27,494 BFS vertex 3896. Time: 0.0006170272827148438s
2021-09-17 08:22:27,495 BFS vertex 2987. Time: 0.0003991127014160156s
2021-09-17 08:22:27,495 BFS vertex 114. Time: 0.0005848407745361328s
2021-09-17 08:22:27,495 BFS vertex 5884. Time: 0.0006089210510253906s
2021-09-17 08:22:27,495 BFS vertex 3041. Time: 0.0005853176116943359s
2021-09-17 08:22:27,495 BFS vertex 1849. Time: 0.000370025634765625s
2021-09-17 08:22:27,496 BFS vertex 2983. Time: 0.00037217140197753906s
2021-09-17 08:22:27,496 BFS vertex 2905. Time: 0.0006728172302246094s
2021-09-17 08:22:27,496 BFS vertex 9128. Time: 0.0006742477416992188s
2021-09-17 08:22:27,496 BFS vertex 2272. Time: 0.0006952285766601562s
2021-09-17 08:22:27,496 BFS vertex 204. Time: 0.00036406517028808594s
2021-09-17 08:22:27,496 BFS vertex 698. Time: 0.0005908012390136719s
2021-09-17 08:22:27,496 BFS vertex 3226. Time: 0.0006206035614013672s
2021-09-17 08:22:27,496 BFS vertex 76. Time: 0.00035309791564941406s
2021-09-17 08:22:27,497 BFS vertex 1771. Time: 0.0005996227264404297s
2021-09-17 08:22:27,497 BFS vertex 4072. Time: 0.00036525726318359375s
2021-09-17 08:22:27,497 BFS vertex 481. Time: 0.0005824565887451172s
2021-09-17 08:22:27,497 BFS vertex 580. Time: 0.0005891323089599609s
2021-09-17 08:22:27,497 BFS vertex 5472. Time: 0.00061798095703125s
2021-09-17 08:22:27,498 BFS vertex 696. Time: 0.0005803108215332031s
2021-09-17 08:22:27,498 BFS vertex 9153. Time: 0.0005970001220703125s
2021-09-17 08:22:27,498 BFS vertex 5795. Time: 0.0006101131439208984s
2021-09-17 08:22:27,498 BFS vertex 8798. Time: 0.0005865097045898438s
2021-09-17 08:22:27,498 BFS vertex 336. Time: 0.0005900859832763672s
2021-09-17 08:22:27,499 BFS vertex 7873. Time: 0.0006155967712402344s
2021-09-17 08:22:27,499 BFS vertex 7622. Time: 0.0005908012390136719s
2021-09-17 08:22:27,499 BFS vertex 6185. Time: 0.0005924701690673828s
2021-09-17 08:22:27,499 BFS vertex 3738. Time: 0.0005908012390136719s
2021-09-17 08:22:27,500 BFS vertex 9164. Time: 0.0006883144378662109s
2021-09-17 08:22:27,500 BFS vertex 1156. Time: 0.0007407665252685547s
2021-09-17 08:22:27,500 BFS vertex 290. Time: 0.0007278919219970703s
2021-09-17 08:22:27,500 BFS vertex 9173. Time: 0.0006055831909179688s
2021-09-17 08:22:27,500 BFS vertex 1451. Time: 0.0006029605865478516s
2021-09-17 08:22:27,501 BFS vertex 9183. Time: 0.0006349086761474609s
2021-09-17 08:22:27,501 BFS vertex 5948. Time: 0.0005769729614257812s
2021-09-17 08:22:27,501 BFS vertex 5490. Time: 0.0005855560302734375s
2021-09-17 08:22:27,501 BFS vertex 129. Time: 0.0006237030029296875s
2021-09-17 08:22:27,502 BFS vertex 3069. Time: 0.0006666183471679688s
2021-09-17 08:22:27,502 BFS vertex 1136. Time: 0.0006623268127441406s
2021-09-17 08:22:27,502 BFS vertex 5785. Time: 0.0007109642028808594s
2021-09-17 08:22:27,503 BFS vertex 47. Time: 0.0005967617034912109s
2021-09-17 08:22:27,503 BFS vertex 135. Time: 0.0006082057952880859s
2021-09-17 08:22:27,503 BFS vertex 557. Time: 0.00060272216796875s
2021-09-17 08:22:27,503 BFS vertex 7830. Time: 0.0005753040313720703s
2021-09-17 08:22:27,503 BFS vertex 26. Time: 0.0006008148193359375s
2021-09-17 08:22:27,504 BFS vertex 2555. Time: 0.0007350444793701172s
2021-09-17 08:22:27,504 BFS vertex 137. Time: 0.0007402896881103516s
2021-09-17 08:22:27,504 BFS vertex 3362. Time: 0.0007348060607910156s
2021-09-17 08:22:27,504 BFS vertex 984. Time: 0.0005998611450195312s
2021-09-17 08:22:27,505 BFS vertex 9200. Time: 0.0005700588226318359s
2021-09-17 08:22:27,505 BFS vertex 1774. Time: 0.0005936622619628906s
2021-09-17 08:22:27,505 BFS vertex 275. Time: 0.0006058216094970703s
2021-09-17 08:22:27,505 BFS vertex 1060. Time: 0.0005831718444824219s
2021-09-17 08:22:27,505 BFS vertex 9201. Time: 0.0005762577056884766s
2021-09-17 08:22:27,506 BFS vertex 474. Time: 0.0005941390991210938s
2021-09-17 08:22:27,506 BFS vertex 9178. Time: 0.0005803108215332031s
2021-09-17 08:22:27,506 BFS vertex 9119. Time: 0.0005769729614257812s
2021-09-17 08:22:27,506 BFS vertex 146. Time: 0.0006046295166015625s
2021-09-17 08:22:27,507 BFS vertex 5332. Time: 0.0005762577056884766s
2021-09-17 08:22:27,507 BFS vertex 1413. Time: 0.0005779266357421875s
2021-09-17 08:22:27,507 BFS vertex 9161. Time: 0.0005886554718017578s
2021-09-17 08:22:27,507 BFS vertex 5474. Time: 0.0006074905395507812s
2021-09-17 08:22:27,507 BFS vertex 2031. Time: 0.0005898475646972656s
2021-09-17 08:22:27,508 BFS vertex 9176. Time: 0.0008380413055419922s
2021-09-17 08:22:27,508 BFS vertex 185. Time: 0.0008089542388916016s
2021-09-17 08:22:27,508 BFS vertex 690. Time: 0.0008037090301513672s
2021-09-17 08:22:27,509 BFS vertex 945. Time: 0.00061798095703125s
2021-09-17 08:22:27,509 BFS vertex 9223. Time: 0.0005824565887451172s
2021-09-17 08:22:27,509 BFS vertex 591. Time: 0.0005724430084228516s
2021-09-17 08:22:27,509 BFS vertex 9221. Time: 0.0006103515625s
2021-09-17 08:22:27,510 BFS vertex 828. Time: 0.0005834102630615234s
2021-09-17 08:22:27,510 BFS vertex 9123. Time: 0.0005934238433837891s
2021-09-17 08:22:27,510 BFS vertex 1223. Time: 0.0006186962127685547s
2021-09-17 08:22:27,510 BFS vertex 3818. Time: 0.0005729198455810547s
2021-09-17 08:22:27,510 BFS vertex 9210. Time: 0.0005917549133300781s
2021-09-17 08:22:27,511 BFS vertex 3078. Time: 0.0005960464477539062s
2021-09-17 08:22:27,511 BFS vertex 4550. Time: 0.0005745887756347656s
2021-09-17 08:22:27,511 BFS vertex 9186. Time: 0.0005750656127929688s
2021-09-17 08:22:27,512 BFS vertex 7067. Time: 0.0006625652313232422s
2021-09-17 08:22:27,512 BFS vertex 138. Time: 0.0006589889526367188s
2021-09-17 08:22:27,512 BFS vertex 532. Time: 0.000675201416015625s
2021-09-17 08:22:27,512 BFS vertex 5905. Time: 0.0006012916564941406s
2021-09-17 08:22:27,512 BFS vertex 1582. Time: 0.0005958080291748047s
2021-09-17 08:22:27,512 BFS vertex 5257. Time: 0.0006110668182373047s
2021-09-17 08:22:27,513 BFS vertex 9182. Time: 0.000576019287109375s
2021-09-17 08:22:27,513 BFS vertex 482. Time: 0.0006003379821777344s
2021-09-17 08:22:27,513 BFS vertex 1326. Time: 0.0006136894226074219s
2021-09-17 08:22:27,514 BFS vertex 871. Time: 0.0005805492401123047s
2021-09-17 08:22:27,514 BFS vertex 1146. Time: 0.0005865097045898438s
2021-09-17 08:22:27,514 BFS vertex 9169. Time: 0.0005981922149658203s
2021-09-17 08:22:27,514 BFS vertex 6253. Time: 0.0005826950073242188s
2021-09-17 08:22:27,514 BFS vertex 1962. Time: 0.0005817413330078125s
2021-09-17 08:22:27,514 BFS vertex 823. Time: 0.0006096363067626953s
2021-09-17 08:22:27,515 BFS vertex 13. Time: 0.0005810260772705078s
2021-09-17 08:22:27,515 BFS vertex 467. Time: 0.0006015300750732422s
2021-09-17 08:22:27,515 BFS vertex 1038. Time: 0.0006051063537597656s
2021-09-17 08:22:27,516 BFS vertex 6427. Time: 0.0006747245788574219s
2021-09-17 08:22:27,516 BFS vertex 9208. Time: 0.0006392002105712891s
2021-09-17 08:22:27,516 BFS vertex 792. Time: 0.0007240772247314453s
2021-09-17 08:22:27,516 BFS vertex 8909. Time: 0.0006003379821777344s
2021-09-17 08:22:27,516 BFS vertex 1514. Time: 0.0006182193756103516s
2021-09-17 08:22:27,516 BFS vertex 9202. Time: 0.0006256103515625s
2021-09-17 08:22:27,517 BFS vertex 2343. Time: 0.0005791187286376953s
2021-09-17 08:22:27,517 BFS vertex 969. Time: 0.0006163120269775391s
2021-09-17 08:22:27,517 BFS vertex 1293. Time: 0.0006012916564941406s
2021-09-17 08:22:27,518 BFS vertex 2675. Time: 0.0005738735198974609s
2021-09-17 08:22:27,518 BFS vertex 9195. Time: 0.0005812644958496094s
2021-09-17 08:22:27,518 BFS vertex 9147. Time: 0.0006055831909179688s
2021-09-17 08:22:27,518 BFS vertex 7787. Time: 0.000644683837890625s
2021-09-17 08:22:27,518 BFS vertex 7558. Time: 0.0006308555603027344s
2021-09-17 08:22:27,519 BFS vertex 1397. Time: 0.0006325244903564453s
2021-09-17 08:22:27,519 BFS vertex 1230. Time: 0.0005745887756347656s
2021-09-17 08:22:27,519 BFS vertex 2519. Time: 0.0005908012390136719s
2021-09-17 08:22:27,519 BFS vertex 365. Time: 0.0006008148193359375s
2021-09-17 08:22:27,520 BFS vertex 2790. Time: 0.0006427764892578125s
2021-09-17 08:22:27,520 BFS vertex 610. Time: 0.0006976127624511719s
2021-09-17 08:22:27,520 BFS vertex 4724. Time: 0.0007123947143554688s
2021-09-17 08:22:27,520 BFS vertex 333. Time: 0.0005884170532226562s
2021-09-17 08:22:27,520 BFS vertex 3164. Time: 0.0005903244018554688s
2021-09-17 08:22:27,521 BFS vertex 9131. Time: 0.0005843639373779297s
2021-09-17 08:22:27,521 BFS vertex 1313. Time: 0.0005786418914794922s
2021-09-17 08:22:27,521 BFS vertex 2210. Time: 0.0006041526794433594s
2021-09-17 08:22:27,521 BFS vertex 564. Time: 0.0005812644958496094s
2021-09-17 08:22:27,522 BFS vertex 9130. Time: 0.0005695819854736328s
2021-09-17 08:22:27,522 BFS vertex 9206. Time: 0.0005810260772705078s
2021-09-17 08:22:27,522 BFS vertex 9209. Time: 0.0006115436553955078s
2021-09-17 08:22:27,522 BFS vertex 775. Time: 0.0005731582641601562s
2021-09-17 08:22:27,522 BFS vertex 1953. Time: 0.0005977153778076172s
2021-09-17 08:22:27,523 BFS vertex 2552. Time: 0.000583648681640625s
2021-09-17 08:22:27,523 BFS vertex 2735. Time: 0.00057220458984375s
2021-09-17 08:22:27,523 BFS vertex 4440. Time: 0.0005788803100585938s
2021-09-17 08:22:27,524 BFS vertex 308. Time: 0.000705718994140625s
2021-09-17 08:22:27,524 BFS vertex 5036. Time: 0.0006608963012695312s
2021-09-17 08:22:27,524 BFS vertex 2353. Time: 0.0005855560302734375s
2021-09-17 08:22:27,524 BFS vertex 583. Time: 0.0005950927734375s
2021-09-17 08:22:27,525 BFS vertex 9181. Time: 0.000579833984375s
2021-09-17 08:22:27,525 BFS vertex 4460. Time: 0.0005755424499511719s
2021-09-17 08:22:27,526 BFS vertex 3537. Time: 0.0005922317504882812s
2021-09-17 08:22:27,526 BFS vertex 9145. Time: 0.0005886554718017578s
2021-09-17 08:22:27,547 Saving degreeList on disk...
2021-09-17 08:22:27,547 Saving variable on disk...
2021-09-17 08:22:27,573 Variable saved. Time: 0.00043112834294637044m
2021-09-17 08:22:27,573 Execution time - BFS: 0.0030082901318868m
2021-09-17 08:22:27,579 Using compactDegree: False
2021-09-17 08:22:27,580 Recovering compactDegreeList from disk...
2021-09-17 08:22:27,580 Recovering variable...
2021-09-17 08:22:27,592 Variable recovered. Time: 0.00020768245061238608m
2021-09-17 08:22:27,593 Executing part 1...
2021-09-17 08:22:27,607 Executing part 2...
2021-09-17 08:22:27,638 Executing part 3...
2021-09-17 08:22:27,645 Executing part 4...
2021-09-17 08:22:27,649 Receiving results...
2021-09-17 08:25:59,843 Consolidating distances...
2021-09-17 08:25:59,870 Distances consolidated.
2021-09-17 08:25:59,870 Saving variable on disk...
2021-09-17 08:25:59,885 Variable saved. Time: 0.0002437273661295573m
2021-09-17 08:25:59,889 Part 1 Completed.
